# JRE version: OpenJDK Runtime Environment (8.0_152-b06) (build 1.8.0_152-release-1136-b06)
# Java VM: OpenJDK 64-Bit Server VM (25.152-b06 mixed mode windows-amd64 compressed oops)
Heap:
 PSYoungGen      total 101376K, used 51732K [0x00000000e0000000, 0x00000000e6e00000, 0x0000000100000000)
  eden space 91136K, 56% used [0x00000000e0000000,0x00000000e32852b8,0x00000000e5900000)
  from space 10240K, 0% used [0x00000000e6380000,0x00000000e6380000,0x00000000e6d80000)
  to   space 10752K, 0% used [0x00000000e5900000,0x00000000e5900000,0x00000000e6380000)
 ParOldGen       total 96256K, used 16216K [0x00000000a0000000, 0x00000000a5e00000, 0x00000000e0000000)
  object space 96256K, 16% used [0x00000000a0000000,0x00000000a0fd62c0,0x00000000a5e00000)
 Metaspace       used 37050K, capacity 37720K, committed 38104K, reserved 1081344K
  class space    used 5079K, capacity 5296K, committed 5376K, reserved 1048576K
GC Heap History (10 events):
Event: 3.910 GC heap before
{Heap before GC invocations=6 (full 1):
 PSYoungGen      total 71680K, used 5113K [0x00000000e0000000, 0x00000000e4b00000, 0x0000000100000000)
  eden space 66560K, 0% used [0x00000000e0000000,0x00000000e0000000,0x00000000e4100000)
  from space 5120K, 99% used [0x00000000e4100000,0x00000000e45fe650,0x00000000e4600000)
  to   space 5120K, 0% used [0x00000000e4600000,0x00000000e4600000,0x00000000e4b00000)
 ParOldGen       total 87552K, used 8713K [0x00000000a0000000, 0x00000000a5580000, 0x00000000e0000000)
  object space 87552K, 9% used [0x00000000a0000000,0x00000000a0882438,0x00000000a5580000)
 Metaspace       used 20726K, capacity 21160K, committed 21248K, reserved 1067008K
  class space    used 2887K, capacity 3044K, committed 3072K, reserved 1048576K
Event: 3.973 GC heap after
Heap after GC invocations=6 (full 1):
 PSYoungGen      total 71680K, used 0K [0x00000000e0000000, 0x00000000e4b00000, 0x0000000100000000)
  eden space 66560K, 0% used [0x00000000e0000000,0x00000000e0000000,0x00000000e4100000)
  from space 5120K, 0% used [0x00000000e4100000,0x00000000e4100000,0x00000000e4600000)
  to   space 5120K, 0% used [0x00000000e4600000,0x00000000e4600000,0x00000000e4b00000)
 ParOldGen       total 60928K, used 8226K [0x00000000a0000000, 0x00000000a3b80000, 0x00000000e0000000)
  object space 60928K, 13% used [0x00000000a0000000,0x00000000a08088b0,0x00000000a3b80000)
 Metaspace       used 20726K, capacity 21160K, committed 21248K, reserved 1067008K
  class space    used 2887K, capacity 3044K, committed 3072K, reserved 1048576K
}
Event: 5.131 GC heap before
{Heap before GC invocations=7 (full 1):
 PSYoungGen      total 71680K, used 66560K [0x00000000e0000000, 0x00000000e4b00000, 0x0000000100000000)
  eden space 66560K, 100% used [0x00000000e0000000,0x00000000e4100000,0x00000000e4100000)
  from space 5120K, 0% used [0x00000000e4100000,0x00000000e4100000,0x00000000e4600000)
  to   space 5120K, 0% used [0x00000000e4600000,0x00000000e4600000,0x00000000e4b00000)
 ParOldGen       total 60928K, used 8226K [0x00000000a0000000, 0x00000000a3b80000, 0x00000000e0000000)
  object space 60928K, 13% used [0x00000000a0000000,0x00000000a08088b0,0x00000000a3b80000)
 Metaspace       used 26609K, capacity 27106K, committed 27392K, reserved 1073152K
  class space    used 3643K, capacity 3801K, committed 3840K, reserved 1048576K
Event: 5.139 GC heap after
Heap after GC invocations=7 (full 1):
 PSYoungGen      total 67072K, used 5089K [0x00000000e0000000, 0x00000000e7580000, 0x0000000100000000)
  eden space 61952K, 0% used [0x00000000e0000000,0x00000000e0000000,0x00000000e3c80000)
  from space 5120K, 99% used [0x00000000e4600000,0x00000000e4af8558,0x00000000e4b00000)
  to   space 9728K, 0% used [0x00000000e3c80000,0x00000000e3c80000,0x00000000e4600000)
 ParOldGen       total 60928K, used 10256K [0x00000000a0000000, 0x00000000a3b80000, 0x00000000e0000000)
  object space 60928K, 16% used [0x00000000a0000000,0x00000000a0a04268,0x00000000a3b80000)
 Metaspace       used 26609K, capacity 27106K, committed 27392K, reserved 1073152K
  class space    used 3643K, capacity 3801K, committed 3840K, reserved 1048576K
}
Event: 7.078 GC heap before
{Heap before GC invocations=8 (full 1):
 PSYoungGen      total 67072K, used 67041K [0x00000000e0000000, 0x00000000e7580000, 0x0000000100000000)
  eden space 61952K, 100% used [0x00000000e0000000,0x00000000e3c80000,0x00000000e3c80000)
  from space 5120K, 99% used [0x00000000e4600000,0x00000000e4af8558,0x00000000e4b00000)
  to   space 9728K, 0% used [0x00000000e3c80000,0x00000000e3c80000,0x00000000e4600000)
 ParOldGen       total 60928K, used 10256K [0x00000000a0000000, 0x00000000a3b80000, 0x00000000e0000000)
  object space 60928K, 16% used [0x00000000a0000000,0x00000000a0a04268,0x00000000a3b80000)
 Metaspace       used 29855K, capacity 30324K, committed 30464K, reserved 1075200K
  class space    used 4165K, capacity 4319K, committed 4352K, reserved 1048576K
Event: 7.092 GC heap after
Heap after GC invocations=8 (full 1):
 PSYoungGen      total 71680K, used 8251K [0x00000000e0000000, 0x00000000e6d80000, 0x0000000100000000)
  eden space 61952K, 0% used [0x00000000e0000000,0x00000000e0000000,0x00000000e3c80000)
  from space 9728K, 84% used [0x00000000e3c80000,0x00000000e448efb8,0x00000000e4600000)
  to   space 10240K, 0% used [0x00000000e6380000,0x00000000e6380000,0x00000000e6d80000)
 ParOldGen       total 60928K, used 10264K [0x00000000a0000000, 0x00000000a3b80000, 0x00000000e0000000)
  object space 60928K, 16% used [0x00000000a0000000,0x00000000a0a06268,0x00000000a3b80000)
 Metaspace       used 29855K, capacity 30324K, committed 30464K, reserved 1075200K
  class space    used 4165K, capacity 4319K, committed 4352K, reserved 1048576K
}
Event: 8.148 GC heap before
{Heap before GC invocations=9 (full 1):
 PSYoungGen      total 71680K, used 39079K [0x00000000e0000000, 0x00000000e6d80000, 0x0000000100000000)
  eden space 61952K, 49% used [0x00000000e0000000,0x00000000e1e1aeb0,0x00000000e3c80000)
  from space 9728K, 84% used [0x00000000e3c80000,0x00000000e448efb8,0x00000000e4600000)
  to   space 10240K, 0% used [0x00000000e6380000,0x00000000e6380000,0x00000000e6d80000)
 ParOldGen       total 60928K, used 10264K [0x00000000a0000000, 0x00000000a3b80000, 0x00000000e0000000)
  object space 60928K, 16% used [0x00000000a0000000,0x00000000a0a06268,0x00000000a3b80000)
 Metaspace       used 34548K, capacity 35200K, committed 35416K, reserved 1079296K
  class space    used 4789K, capacity 4988K, committed 4992K, reserved 1048576K
Event: 8.163 GC heap after
Heap after GC invocations=9 (full 1):
 PSYoungGen      total 101376K, used 9612K [0x00000000e0000000, 0x00000000e6e00000, 0x0000000100000000)
  eden space 91136K, 0% used [0x00000000e0000000,0x00000000e0000000,0x00000000e5900000)
  from space 10240K, 93% used [0x00000000e6380000,0x00000000e6ce3118,0x00000000e6d80000)
  to   space 10752K, 0% used [0x00000000e5900000,0x00000000e5900000,0x00000000e6380000)
 ParOldGen       total 60928K, used 10272K [0x00000000a0000000, 0x00000000a3b80000, 0x00000000e0000000)
  object space 60928K, 16% used [0x00000000a0000000,0x00000000a0a08268,0x00000000a3b80000)
 Metaspace       used 34548K, capacity 35200K, committed 35416K, reserved 1079296K
  class space    used 4789K, capacity 4988K, committed 4992K, reserved 1048576K
}
Event: 8.163 GC heap before
{Heap before GC invocations=10 (full 2):
 PSYoungGen      total 101376K, used 9612K [0x00000000e0000000, 0x00000000e6e00000, 0x0000000100000000)
  eden space 91136K, 0% used [0x00000000e0000000,0x00000000e0000000,0x00000000e5900000)
  from space 10240K, 93% used [0x00000000e6380000,0x00000000e6ce3118,0x00000000e6d80000)
  to   space 10752K, 0% used [0x00000000e5900000,0x00000000e5900000,0x00000000e6380000)
 ParOldGen       total 60928K, used 10272K [0x00000000a0000000, 0x00000000a3b80000, 0x00000000e0000000)
  object space 60928K, 16% used [0x00000000a0000000,0x00000000a0a08268,0x00000000a3b80000)
 Metaspace       used 34548K, capacity 35200K, committed 35416K, reserved 1079296K
  class space    used 4789K, capacity 4988K, committed 4992K, reserved 1048576K
Event: 8.255 GC heap after
Heap after GC invocations=10 (full 2):
 PSYoungGen      total 101376K, used 0K [0x00000000e0000000, 0x00000000e6e00000, 0x0000000100000000)
  eden space 91136K, 0% used [0x00000000e0000000,0x00000000e0000000,0x00000000e5900000)
  from space 10240K, 0% used [0x00000000e6380000,0x00000000e6380000,0x00000000e6d80000)
  to   space 10752K, 0% used [0x00000000e5900000,0x00000000e5900000,0x00000000e6380000)
 ParOldGen       total 96256K, used 16216K [0x00000000a0000000, 0x00000000a5e00000, 0x00000000e0000000)
  object space 96256K, 16% used [0x00000000a0000000,0x00000000a0fd62c0,0x00000000a5e00000)
 Metaspace       used 34548K, capacity 35200K, committed 35416K, reserved 1079296K
  class space    used 4789K, capacity 4988K, committed 4992K, reserved 1048576K
}

