# JRE version: OpenJDK Runtime Environment (8.0_152-b06) (build 1.8.0_152-release-1136-b06)
# Java VM: OpenJDK 64-Bit Server VM (25.152-b06 mixed mode windows-amd64 compressed oops)
Heap:
 PSYoungGen      total 87552K, used 1426K [0x00000000e0000000, 0x00000000e7d80000, 0x0000000100000000)
  eden space 76800K, 1% used [0x00000000e0000000,0x00000000e01648a8,0x00000000e4b00000)
  from space 10752K, 0% used [0x00000000e4b00000,0x00000000e4b00000,0x00000000e5580000)
  to   space 11264K, 0% used [0x00000000e7280000,0x00000000e7280000,0x00000000e7d80000)
 ParOldGen       total 94208K, used 15026K [0x00000000a0000000, 0x00000000a5c00000, 0x00000000e0000000)
  object space 94208K, 15% used [0x00000000a0000000,0x00000000a0eaca50,0x00000000a5c00000)
 Metaspace       used 34573K, capacity 35232K, committed 35544K, reserved 1079296K
  class space    used 4796K, capacity 5020K, committed 5120K, reserved 1048576K
GC Heap History (10 events):
Event: 5.139 GC heap before
{Heap before GC invocations=7 (full 1):
 PSYoungGen      total 38400K, used 33280K [0x00000000e0000000, 0x00000000e5500000, 0x0000000100000000)
  eden space 33280K, 100% used [0x00000000e0000000,0x00000000e2080000,0x00000000e2080000)
  from space 5120K, 0% used [0x00000000e2080000,0x00000000e2080000,0x00000000e2580000)
  to   space 10240K, 0% used [0x00000000e4b00000,0x00000000e4b00000,0x00000000e5500000)
 ParOldGen       total 60928K, used 8269K [0x00000000a0000000, 0x00000000a3b80000, 0x00000000e0000000)
  object space 60928K, 13% used [0x00000000a0000000,0x00000000a0813798,0x00000000a3b80000)
 Metaspace       used 24016K, capacity 24536K, committed 24704K, reserved 1071104K
  class space    used 3295K, capacity 3437K, committed 3456K, reserved 1048576K
Event: 5.147 GC heap after
Heap after GC invocations=7 (full 1):
 PSYoungGen      total 55296K, used 3991K [0x00000000e0000000, 0x00000000e4f00000, 0x0000000100000000)
  eden space 51200K, 0% used [0x00000000e0000000,0x00000000e0000000,0x00000000e3200000)
  from space 4096K, 97% used [0x00000000e4b00000,0x00000000e4ee5dd0,0x00000000e4f00000)
  to   space 10240K, 0% used [0x00000000e3b00000,0x00000000e3b00000,0x00000000e4500000)
 ParOldGen       total 60928K, used 8277K [0x00000000a0000000, 0x00000000a3b80000, 0x00000000e0000000)
  object space 60928K, 13% used [0x00000000a0000000,0x00000000a0815798,0x00000000a3b80000)
 Metaspace       used 24016K, capacity 24536K, committed 24704K, reserved 1071104K
  class space    used 3295K, capacity 3437K, committed 3456K, reserved 1048576K
}
Event: 6.035 GC heap before
{Heap before GC invocations=8 (full 1):
 PSYoungGen      total 55296K, used 55191K [0x00000000e0000000, 0x00000000e4f00000, 0x0000000100000000)
  eden space 51200K, 100% used [0x00000000e0000000,0x00000000e3200000,0x00000000e3200000)
  from space 4096K, 97% used [0x00000000e4b00000,0x00000000e4ee5dd0,0x00000000e4f00000)
  to   space 10240K, 0% used [0x00000000e3b00000,0x00000000e3b00000,0x00000000e4500000)
 ParOldGen       total 60928K, used 8277K [0x00000000a0000000, 0x00000000a3b80000, 0x00000000e0000000)
  object space 60928K, 13% used [0x00000000a0000000,0x00000000a0815798,0x00000000a3b80000)
 Metaspace       used 27768K, capacity 28296K, committed 28672K, reserved 1073152K
  class space    used 3875K, capacity 4027K, committed 4096K, reserved 1048576K
Event: 6.044 GC heap after
Heap after GC invocations=8 (full 1):
 PSYoungGen      total 70656K, used 6500K [0x00000000e0000000, 0x00000000e5f00000, 0x0000000100000000)
  eden space 60416K, 0% used [0x00000000e0000000,0x00000000e0000000,0x00000000e3b00000)
  from space 10240K, 63% used [0x00000000e3b00000,0x00000000e4159050,0x00000000e4500000)
  to   space 9728K, 0% used [0x00000000e5580000,0x00000000e5580000,0x00000000e5f00000)
 ParOldGen       total 60928K, used 8285K [0x00000000a0000000, 0x00000000a3b80000, 0x00000000e0000000)
  object space 60928K, 13% used [0x00000000a0000000,0x00000000a0817798,0x00000000a3b80000)
 Metaspace       used 27768K, capacity 28296K, committed 28672K, reserved 1073152K
  class space    used 3875K, capacity 4027K, committed 4096K, reserved 1048576K
}
Event: 7.460 GC heap before
{Heap before GC invocations=9 (full 1):
 PSYoungGen      total 70656K, used 66916K [0x00000000e0000000, 0x00000000e5f00000, 0x0000000100000000)
  eden space 60416K, 100% used [0x00000000e0000000,0x00000000e3b00000,0x00000000e3b00000)
  from space 10240K, 63% used [0x00000000e3b00000,0x00000000e4159050,0x00000000e4500000)
  to   space 9728K, 0% used [0x00000000e5580000,0x00000000e5580000,0x00000000e5f00000)
 ParOldGen       total 60928K, used 8285K [0x00000000a0000000, 0x00000000a3b80000, 0x00000000e0000000)
  object space 60928K, 13% used [0x00000000a0000000,0x00000000a0817798,0x00000000a3b80000)
 Metaspace       used 31526K, capacity 32110K, committed 32384K, reserved 1077248K
  class space    used 4419K, capacity 4640K, committed 4736K, reserved 1048576K
Event: 7.472 GC heap after
Heap after GC invocations=9 (full 1):
 PSYoungGen      total 86528K, used 9688K [0x00000000e0000000, 0x00000000e6c80000, 0x0000000100000000)
  eden space 76800K, 0% used [0x00000000e0000000,0x00000000e0000000,0x00000000e4b00000)
  from space 9728K, 99% used [0x00000000e5580000,0x00000000e5ef61f8,0x00000000e5f00000)
  to   space 10752K, 0% used [0x00000000e4b00000,0x00000000e4b00000,0x00000000e5580000)
 ParOldGen       total 60928K, used 8293K [0x00000000a0000000, 0x00000000a3b80000, 0x00000000e0000000)
  object space 60928K, 13% used [0x00000000a0000000,0x00000000a0819798,0x00000000a3b80000)
 Metaspace       used 31526K, capacity 32110K, committed 32384K, reserved 1077248K
  class space    used 4419K, capacity 4640K, committed 4736K, reserved 1048576K
}
Event: 7.798 GC heap before
{Heap before GC invocations=10 (full 1):
 PSYoungGen      total 86528K, used 24079K [0x00000000e0000000, 0x00000000e6c80000, 0x0000000100000000)
  eden space 76800K, 18% used [0x00000000e0000000,0x00000000e0e0dbf8,0x00000000e4b00000)
  from space 9728K, 99% used [0x00000000e5580000,0x00000000e5ef61f8,0x00000000e5f00000)
  to   space 10752K, 0% used [0x00000000e4b00000,0x00000000e4b00000,0x00000000e5580000)
 ParOldGen       total 60928K, used 8293K [0x00000000a0000000, 0x00000000a3b80000, 0x00000000e0000000)
  object space 60928K, 13% used [0x00000000a0000000,0x00000000a0819798,0x00000000a3b80000)
 Metaspace       used 34539K, capacity 35200K, committed 35416K, reserved 1079296K
  class space    used 4789K, capacity 4988K, committed 4992K, reserved 1048576K
Event: 7.817 GC heap after
Heap after GC invocations=10 (full 1):
 PSYoungGen      total 87552K, used 8358K [0x00000000e0000000, 0x00000000e7d80000, 0x0000000100000000)
  eden space 76800K, 0% used [0x00000000e0000000,0x00000000e0000000,0x00000000e4b00000)
  from space 10752K, 77% used [0x00000000e4b00000,0x00000000e5329888,0x00000000e5580000)
  to   space 11264K, 0% used [0x00000000e7280000,0x00000000e7280000,0x00000000e7d80000)
 ParOldGen       total 60928K, used 8301K [0x00000000a0000000, 0x00000000a3b80000, 0x00000000e0000000)
  object space 60928K, 13% used [0x00000000a0000000,0x00000000a081b798,0x00000000a3b80000)
 Metaspace       used 34539K, capacity 35200K, committed 35416K, reserved 1079296K
  class space    used 4789K, capacity 4988K, committed 4992K, reserved 1048576K
}
Event: 7.817 GC heap before
{Heap before GC invocations=11 (full 2):
 PSYoungGen      total 87552K, used 8358K [0x00000000e0000000, 0x00000000e7d80000, 0x0000000100000000)
  eden space 76800K, 0% used [0x00000000e0000000,0x00000000e0000000,0x00000000e4b00000)
  from space 10752K, 77% used [0x00000000e4b00000,0x00000000e5329888,0x00000000e5580000)
  to   space 11264K, 0% used [0x00000000e7280000,0x00000000e7280000,0x00000000e7d80000)
 ParOldGen       total 60928K, used 8301K [0x00000000a0000000, 0x00000000a3b80000, 0x00000000e0000000)
  object space 60928K, 13% used [0x00000000a0000000,0x00000000a081b798,0x00000000a3b80000)
 Metaspace       used 34539K, capacity 35200K, committed 35416K, reserved 1079296K
  class space    used 4789K, capacity 4988K, committed 4992K, reserved 1048576K
Event: 7.965 GC heap after
Heap after GC invocations=11 (full 2):
 PSYoungGen      total 87552K, used 0K [0x00000000e0000000, 0x00000000e7d80000, 0x0000000100000000)
  eden space 76800K, 0% used [0x00000000e0000000,0x00000000e0000000,0x00000000e4b00000)
  from space 10752K, 0% used [0x00000000e4b00000,0x00000000e4b00000,0x00000000e5580000)
  to   space 11264K, 0% used [0x00000000e7280000,0x00000000e7280000,0x00000000e7d80000)
 ParOldGen       total 94208K, used 15026K [0x00000000a0000000, 0x00000000a5c00000, 0x00000000e0000000)
  object space 94208K, 15% used [0x00000000a0000000,0x00000000a0eaca50,0x00000000a5c00000)
 Metaspace       used 34539K, capacity 35200K, committed 35416K, reserved 1079296K
  class space    used 4789K, capacity 4988K, committed 4992K, reserved 1048576K
}

