# JRE version: OpenJDK Runtime Environment (8.0_152-b06) (build 1.8.0_152-release-1136-b06)
# Java VM: OpenJDK 64-Bit Server VM (25.152-b06 mixed mode windows-amd64 compressed oops)
Heap:
 PSYoungGen      total 137728K, used 8954K [0x00000000e0000000, 0x00000000eb100000, 0x0000000100000000)
  eden space 119296K, 7% used [0x00000000e0000000,0x00000000e08bebb8,0x00000000e7480000)
  from space 18432K, 0% used [0x00000000e7480000,0x00000000e7480000,0x00000000e8680000)
  to   space 17408K, 0% used [0x00000000ea000000,0x00000000ea000000,0x00000000eb100000)
 ParOldGen       total 148480K, used 33482K [0x00000000a0000000, 0x00000000a9100000, 0x00000000e0000000)
  object space 148480K, 22% used [0x00000000a0000000,0x00000000a20b2bf0,0x00000000a9100000)
 Metaspace       used 59830K, capacity 61506K, committed 61528K, reserved 1101824K
  class space    used 8151K, capacity 8564K, committed 8576K, reserved 1048576K
GC Heap History (10 events):
Event: 9.326 GC heap before
{Heap before GC invocations=12 (full 2):
 PSYoungGen      total 87552K, used 76800K [0x00000000e0000000, 0x00000000e7d80000, 0x0000000100000000)
  eden space 76800K, 100% used [0x00000000e0000000,0x00000000e4b00000,0x00000000e4b00000)
  from space 10752K, 0% used [0x00000000e4b00000,0x00000000e4b00000,0x00000000e5580000)
  to   space 11264K, 0% used [0x00000000e7280000,0x00000000e7280000,0x00000000e7d80000)
 ParOldGen       total 94208K, used 15051K [0x00000000a0000000, 0x00000000a5c00000, 0x00000000e0000000)
  object space 94208K, 15% used [0x00000000a0000000,0x00000000a0eb2df8,0x00000000a5c00000)
 Metaspace       used 39072K, capacity 39794K, committed 40152K, reserved 1083392K
  class space    used 5333K, capacity 5557K, committed 5632K, reserved 1048576K
Event: 9.344 GC heap after
Heap after GC invocations=12 (full 2):
 PSYoungGen      total 105472K, used 7460K [0x00000000e0000000, 0x00000000e7a00000, 0x0000000100000000)
  eden space 97792K, 0% used [0x00000000e0000000,0x00000000e0000000,0x00000000e5f80000)
  from space 7680K, 97% used [0x00000000e7280000,0x00000000e79c93c0,0x00000000e7a00000)
  to   space 10752K, 0% used [0x00000000e6500000,0x00000000e6500000,0x00000000e6f80000)
 ParOldGen       total 94208K, used 15051K [0x00000000a0000000, 0x00000000a5c00000, 0x00000000e0000000)
  object space 94208K, 15% used [0x00000000a0000000,0x00000000a0eb2df8,0x00000000a5c00000)
 Metaspace       used 39072K, capacity 39794K, committed 40152K, reserved 1083392K
  class space    used 5333K, capacity 5557K, committed 5632K, reserved 1048576K
}
Event: 11.244 GC heap before
{Heap before GC invocations=13 (full 2):
 PSYoungGen      total 105472K, used 105252K [0x00000000e0000000, 0x00000000e7a00000, 0x0000000100000000)
  eden space 97792K, 100% used [0x00000000e0000000,0x00000000e5f80000,0x00000000e5f80000)
  from space 7680K, 97% used [0x00000000e7280000,0x00000000e79c93c0,0x00000000e7a00000)
  to   space 10752K, 0% used [0x00000000e6500000,0x00000000e6500000,0x00000000e6f80000)
 ParOldGen       total 94208K, used 15051K [0x00000000a0000000, 0x00000000a5c00000, 0x00000000e0000000)
  object space 94208K, 15% used [0x00000000a0000000,0x00000000a0eb2df8,0x00000000a5c00000)
 Metaspace       used 47643K, capacity 48546K, committed 48728K, reserved 1091584K
  class space    used 6412K, capacity 6706K, committed 6784K, reserved 1048576K
Event: 11.267 GC heap after
Heap after GC invocations=13 (full 2):
 PSYoungGen      total 114176K, used 10735K [0x00000000e0000000, 0x00000000e9480000, 0x0000000100000000)
  eden space 103424K, 0% used [0x00000000e0000000,0x00000000e0000000,0x00000000e6500000)
  from space 10752K, 99% used [0x00000000e6500000,0x00000000e6f7bc28,0x00000000e6f80000)
  to   space 14336K, 0% used [0x00000000e8680000,0x00000000e8680000,0x00000000e9480000)
 ParOldGen       total 94208K, used 20724K [0x00000000a0000000, 0x00000000a5c00000, 0x00000000e0000000)
  object space 94208K, 21% used [0x00000000a0000000,0x00000000a143d0a0,0x00000000a5c00000)
 Metaspace       used 47643K, capacity 48546K, committed 48728K, reserved 1091584K
  class space    used 6412K, capacity 6706K, committed 6784K, reserved 1048576K
}
Event: 13.478 GC heap before
{Heap before GC invocations=14 (full 2):
 PSYoungGen      total 114176K, used 114159K [0x00000000e0000000, 0x00000000e9480000, 0x0000000100000000)
  eden space 103424K, 100% used [0x00000000e0000000,0x00000000e6500000,0x00000000e6500000)
  from space 10752K, 99% used [0x00000000e6500000,0x00000000e6f7bc28,0x00000000e6f80000)
  to   space 14336K, 0% used [0x00000000e8680000,0x00000000e8680000,0x00000000e9480000)
 ParOldGen       total 94208K, used 20724K [0x00000000a0000000, 0x00000000a5c00000, 0x00000000e0000000)
  object space 94208K, 21% used [0x00000000a0000000,0x00000000a143d0a0,0x00000000a5c00000)
 Metaspace       used 55288K, capacity 56954K, committed 57176K, reserved 1097728K
  class space    used 7558K, capacity 7970K, committed 8064K, reserved 1048576K
Event: 13.502 GC heap after
Heap after GC invocations=14 (full 2):
 PSYoungGen      total 133632K, used 14335K [0x00000000e0000000, 0x00000000ea200000, 0x0000000100000000)
  eden space 119296K, 0% used [0x00000000e0000000,0x00000000e0000000,0x00000000e7480000)
  from space 14336K, 99% used [0x00000000e8680000,0x00000000e947fc18,0x00000000e9480000)
  to   space 18432K, 0% used [0x00000000e7480000,0x00000000e7480000,0x00000000e8680000)
 ParOldGen       total 94208K, used 27377K [0x00000000a0000000, 0x00000000a5c00000, 0x00000000e0000000)
  object space 94208K, 29% used [0x00000000a0000000,0x00000000a1abc438,0x00000000a5c00000)
 Metaspace       used 55288K, capacity 56954K, committed 57176K, reserved 1097728K
  class space    used 7558K, capacity 7970K, committed 8064K, reserved 1048576K
}
Event: 16.390 GC heap before
{Heap before GC invocations=15 (full 2):
 PSYoungGen      total 133632K, used 68292K [0x00000000e0000000, 0x00000000ea200000, 0x0000000100000000)
  eden space 119296K, 45% used [0x00000000e0000000,0x00000000e34b1580,0x00000000e7480000)
  from space 14336K, 99% used [0x00000000e8680000,0x00000000e947fc18,0x00000000e9480000)
  to   space 18432K, 0% used [0x00000000e7480000,0x00000000e7480000,0x00000000e8680000)
 ParOldGen       total 94208K, used 27377K [0x00000000a0000000, 0x00000000a5c00000, 0x00000000e0000000)
  object space 94208K, 29% used [0x00000000a0000000,0x00000000a1abc438,0x00000000a5c00000)
 Metaspace       used 57253K, capacity 58882K, committed 58968K, reserved 1099776K
  class space    used 7821K, capacity 8244K, committed 8320K, reserved 1048576K
Event: 16.411 GC heap after
Heap after GC invocations=15 (full 2):
 PSYoungGen      total 137728K, used 8242K [0x00000000e0000000, 0x00000000eb100000, 0x0000000100000000)
  eden space 119296K, 0% used [0x00000000e0000000,0x00000000e0000000,0x00000000e7480000)
  from space 18432K, 44% used [0x00000000e7480000,0x00000000e7c8c910,0x00000000e8680000)
  to   space 17408K, 0% used [0x00000000ea000000,0x00000000ea000000,0x00000000eb100000)
 ParOldGen       total 94208K, used 37386K [0x00000000a0000000, 0x00000000a5c00000, 0x00000000e0000000)
  object space 94208K, 39% used [0x00000000a0000000,0x00000000a2482bd8,0x00000000a5c00000)
 Metaspace       used 57253K, capacity 58882K, committed 58968K, reserved 1099776K
  class space    used 7821K, capacity 8244K, committed 8320K, reserved 1048576K
}
Event: 16.412 GC heap before
{Heap before GC invocations=16 (full 3):
 PSYoungGen      total 137728K, used 8242K [0x00000000e0000000, 0x00000000eb100000, 0x0000000100000000)
  eden space 119296K, 0% used [0x00000000e0000000,0x00000000e0000000,0x00000000e7480000)
  from space 18432K, 44% used [0x00000000e7480000,0x00000000e7c8c910,0x00000000e8680000)
  to   space 17408K, 0% used [0x00000000ea000000,0x00000000ea000000,0x00000000eb100000)
 ParOldGen       total 94208K, used 37386K [0x00000000a0000000, 0x00000000a5c00000, 0x00000000e0000000)
  object space 94208K, 39% used [0x00000000a0000000,0x00000000a2482bd8,0x00000000a5c00000)
 Metaspace       used 57253K, capacity 58882K, committed 58968K, reserved 1099776K
  class space    used 7821K, capacity 8244K, committed 8320K, reserved 1048576K
Event: 16.722 GC heap after
Heap after GC invocations=16 (full 3):
 PSYoungGen      total 137728K, used 0K [0x00000000e0000000, 0x00000000eb100000, 0x0000000100000000)
  eden space 119296K, 0% used [0x00000000e0000000,0x00000000e0000000,0x00000000e7480000)
  from space 18432K, 0% used [0x00000000e7480000,0x00000000e7480000,0x00000000e8680000)
  to   space 17408K, 0% used [0x00000000ea000000,0x00000000ea000000,0x00000000eb100000)
 ParOldGen       total 148480K, used 33482K [0x00000000a0000000, 0x00000000a9100000, 0x00000000e0000000)
  object space 148480K, 22% used [0x00000000a0000000,0x00000000a20b2bf0,0x00000000a9100000)
 Metaspace       used 57253K, capacity 58882K, committed 58968K, reserved 1099776K
  class space    used 7821K, capacity 8244K, committed 8320K, reserved 1048576K
}

