# JRE version: OpenJDK Runtime Environment (8.0_152-b06) (build 1.8.0_152-release-1136-b06)
# Java VM: OpenJDK 64-Bit Server VM (25.152-b06 mixed mode windows-amd64 compressed oops)
Heap:
 PSYoungGen      total 123904K, used 52337K [0x00000000e0000000, 0x00000000ea780000, 0x0000000100000000)
  eden space 113152K, 36% used [0x00000000e0000000,0x00000000e28a3c50,0x00000000e6e80000)
  from space 10752K, 99% used [0x00000000e6e80000,0x00000000e78f8808,0x00000000e7900000)
  to   space 14336K, 0% used [0x00000000e9980000,0x00000000e9980000,0x00000000ea780000)
 ParOldGen       total 85504K, used 21131K [0x00000000a0000000, 0x00000000a5380000, 0x00000000e0000000)
  object space 85504K, 24% used [0x00000000a0000000,0x00000000a14a2cd0,0x00000000a5380000)
 Metaspace       used 51750K, capacity 53120K, committed 53208K, reserved 1095680K
  class space    used 7004K, capacity 7395K, committed 7424K, reserved 1048576K
GC Heap History (10 events):
Event: 7.373 GC heap before
{Heap before GC invocations=9 (full 1):
 PSYoungGen      total 70656K, used 67131K [0x00000000e0000000, 0x00000000e6300000, 0x0000000100000000)
  eden space 60416K, 100% used [0x00000000e0000000,0x00000000e3b00000,0x00000000e3b00000)
  from space 10240K, 65% used [0x00000000e3b00000,0x00000000e418ee88,0x00000000e4500000)
  to   space 9728K, 0% used [0x00000000e5980000,0x00000000e5980000,0x00000000e6300000)
 ParOldGen       total 60416K, used 8240K [0x00000000a0000000, 0x00000000a3b00000, 0x00000000e0000000)
  object space 60416K, 13% used [0x00000000a0000000,0x00000000a080c1c8,0x00000000a3b00000)
 Metaspace       used 33058K, capacity 33728K, committed 33792K, reserved 1079296K
  class space    used 4627K, capacity 4860K, committed 4864K, reserved 1048576K
Event: 7.385 GC heap after
Heap after GC invocations=9 (full 1):
 PSYoungGen      total 90112K, used 9696K [0x00000000e0000000, 0x00000000e7080000, 0x0000000100000000)
  eden space 80384K, 0% used [0x00000000e0000000,0x00000000e0000000,0x00000000e4e80000)
  from space 9728K, 99% used [0x00000000e5980000,0x00000000e62f82c0,0x00000000e6300000)
  to   space 11264K, 0% used [0x00000000e4e80000,0x00000000e4e80000,0x00000000e5980000)
 ParOldGen       total 60416K, used 8713K [0x00000000a0000000, 0x00000000a3b00000, 0x00000000e0000000)
  object space 60416K, 14% used [0x00000000a0000000,0x00000000a0882740,0x00000000a3b00000)
 Metaspace       used 33058K, capacity 33728K, committed 33792K, reserved 1079296K
  class space    used 4627K, capacity 4860K, committed 4864K, reserved 1048576K
}
Event: 7.532 GC heap before
{Heap before GC invocations=10 (full 1):
 PSYoungGen      total 90112K, used 21479K [0x00000000e0000000, 0x00000000e7080000, 0x0000000100000000)
  eden space 80384K, 14% used [0x00000000e0000000,0x00000000e0b81d28,0x00000000e4e80000)
  from space 9728K, 99% used [0x00000000e5980000,0x00000000e62f82c0,0x00000000e6300000)
  to   space 11264K, 0% used [0x00000000e4e80000,0x00000000e4e80000,0x00000000e5980000)
 ParOldGen       total 60416K, used 8713K [0x00000000a0000000, 0x00000000a3b00000, 0x00000000e0000000)
  object space 60416K, 14% used [0x00000000a0000000,0x00000000a0882740,0x00000000a3b00000)
 Metaspace       used 34534K, capacity 35200K, committed 35416K, reserved 1079296K
  class space    used 4789K, capacity 4988K, committed 4992K, reserved 1048576K
Event: 7.544 GC heap after
Heap after GC invocations=10 (full 1):
 PSYoungGen      total 91648K, used 6474K [0x00000000e0000000, 0x00000000e8600000, 0x0000000100000000)
  eden space 80384K, 0% used [0x00000000e0000000,0x00000000e0000000,0x00000000e4e80000)
  from space 11264K, 57% used [0x00000000e4e80000,0x00000000e54d2a48,0x00000000e5980000)
  to   space 10752K, 0% used [0x00000000e7b80000,0x00000000e7b80000,0x00000000e8600000)
 ParOldGen       total 60416K, used 10473K [0x00000000a0000000, 0x00000000a3b00000, 0x00000000e0000000)
  object space 60416K, 17% used [0x00000000a0000000,0x00000000a0a3a7e0,0x00000000a3b00000)
 Metaspace       used 34534K, capacity 35200K, committed 35416K, reserved 1079296K
  class space    used 4789K, capacity 4988K, committed 4992K, reserved 1048576K
}
Event: 7.544 GC heap before
{Heap before GC invocations=11 (full 2):
 PSYoungGen      total 91648K, used 6474K [0x00000000e0000000, 0x00000000e8600000, 0x0000000100000000)
  eden space 80384K, 0% used [0x00000000e0000000,0x00000000e0000000,0x00000000e4e80000)
  from space 11264K, 57% used [0x00000000e4e80000,0x00000000e54d2a48,0x00000000e5980000)
  to   space 10752K, 0% used [0x00000000e7b80000,0x00000000e7b80000,0x00000000e8600000)
 ParOldGen       total 60416K, used 10473K [0x00000000a0000000, 0x00000000a3b00000, 0x00000000e0000000)
  object space 60416K, 17% used [0x00000000a0000000,0x00000000a0a3a7e0,0x00000000a3b00000)
 Metaspace       used 34534K, capacity 35200K, committed 35416K, reserved 1079296K
  class space    used 4789K, capacity 4988K, committed 4992K, reserved 1048576K
Event: 7.633 GC heap after
Heap after GC invocations=11 (full 2):
 PSYoungGen      total 91648K, used 0K [0x00000000e0000000, 0x00000000e8600000, 0x0000000100000000)
  eden space 80384K, 0% used [0x00000000e0000000,0x00000000e0000000,0x00000000e4e80000)
  from space 11264K, 0% used [0x00000000e4e80000,0x00000000e4e80000,0x00000000e5980000)
  to   space 10752K, 0% used [0x00000000e7b80000,0x00000000e7b80000,0x00000000e8600000)
 ParOldGen       total 85504K, used 14867K [0x00000000a0000000, 0x00000000a5380000, 0x00000000e0000000)
  object space 85504K, 17% used [0x00000000a0000000,0x00000000a0e84de0,0x00000000a5380000)
 Metaspace       used 34534K, capacity 35200K, committed 35416K, reserved 1079296K
  class space    used 4789K, capacity 4988K, committed 4992K, reserved 1048576K
}
Event: 8.758 GC heap before
{Heap before GC invocations=12 (full 2):
 PSYoungGen      total 91648K, used 80384K [0x00000000e0000000, 0x00000000e8600000, 0x0000000100000000)
  eden space 80384K, 100% used [0x00000000e0000000,0x00000000e4e80000,0x00000000e4e80000)
  from space 11264K, 0% used [0x00000000e4e80000,0x00000000e4e80000,0x00000000e5980000)
  to   space 10752K, 0% used [0x00000000e7b80000,0x00000000e7b80000,0x00000000e8600000)
 ParOldGen       total 85504K, used 14867K [0x00000000a0000000, 0x00000000a5380000, 0x00000000e0000000)
  object space 85504K, 17% used [0x00000000a0000000,0x00000000a0e84de0,0x00000000a5380000)
 Metaspace       used 39288K, capacity 40018K, committed 40408K, reserved 1083392K
  class space    used 5359K, capacity 5589K, committed 5632K, reserved 1048576K
Event: 8.771 GC heap after
Heap after GC invocations=12 (full 2):
 PSYoungGen      total 116224K, used 8002K [0x00000000e0000000, 0x00000000e8380000, 0x0000000100000000)
  eden space 108032K, 0% used [0x00000000e0000000,0x00000000e0000000,0x00000000e6980000)
  from space 8192K, 97% used [0x00000000e7b80000,0x00000000e8350bb8,0x00000000e8380000)
  to   space 10752K, 0% used [0x00000000e6e80000,0x00000000e6e80000,0x00000000e7900000)
 ParOldGen       total 85504K, used 14875K [0x00000000a0000000, 0x00000000a5380000, 0x00000000e0000000)
  object space 85504K, 17% used [0x00000000a0000000,0x00000000a0e86de0,0x00000000a5380000)
 Metaspace       used 39288K, capacity 40018K, committed 40408K, reserved 1083392K
  class space    used 5359K, capacity 5589K, committed 5632K, reserved 1048576K
}
Event: 10.659 GC heap before
{Heap before GC invocations=13 (full 2):
 PSYoungGen      total 116224K, used 116034K [0x00000000e0000000, 0x00000000e8380000, 0x0000000100000000)
  eden space 108032K, 100% used [0x00000000e0000000,0x00000000e6980000,0x00000000e6980000)
  from space 8192K, 97% used [0x00000000e7b80000,0x00000000e8350bb8,0x00000000e8380000)
  to   space 10752K, 0% used [0x00000000e6e80000,0x00000000e6e80000,0x00000000e7900000)
 ParOldGen       total 85504K, used 14875K [0x00000000a0000000, 0x00000000a5380000, 0x00000000e0000000)
  object space 85504K, 17% used [0x00000000a0000000,0x00000000a0e86de0,0x00000000a5380000)
 Metaspace       used 47673K, capacity 48552K, committed 48728K, reserved 1091584K
  class space    used 6412K, capacity 6707K, committed 6784K, reserved 1048576K
Event: 10.680 GC heap after
Heap after GC invocations=13 (full 2):
 PSYoungGen      total 123904K, used 10722K [0x00000000e0000000, 0x00000000ea780000, 0x0000000100000000)
  eden space 113152K, 0% used [0x00000000e0000000,0x00000000e0000000,0x00000000e6e80000)
  from space 10752K, 99% used [0x00000000e6e80000,0x00000000e78f8808,0x00000000e7900000)
  to   space 14336K, 0% used [0x00000000e9980000,0x00000000e9980000,0x00000000ea780000)
 ParOldGen       total 85504K, used 21131K [0x00000000a0000000, 0x00000000a5380000, 0x00000000e0000000)
  object space 85504K, 24% used [0x00000000a0000000,0x00000000a14a2cd0,0x00000000a5380000)
 Metaspace       used 47673K, capacity 48552K, committed 48728K, reserved 1091584K
  class space    used 6412K, capacity 6707K, committed 6784K, reserved 1048576K
}

