# JRE version: OpenJDK Runtime Environment (8.0_152-b06) (build 1.8.0_152-release-1136-b06)
# Java VM: OpenJDK 64-Bit Server VM (25.152-b06 mixed mode windows-amd64 compressed oops)
Heap:
 PSYoungGen      total 133632K, used 24419K [0x00000000e0000000, 0x00000000eb980000, 0x0000000100000000)
  eden space 116224K, 21% used [0x00000000e0000000,0x00000000e17d8c78,0x00000000e7180000)
  from space 17408K, 0% used [0x00000000e7180000,0x00000000e7180000,0x00000000e8280000)
  to   space 21504K, 0% used [0x00000000ea480000,0x00000000ea480000,0x00000000eb980000)
 ParOldGen       total 147968K, used 35057K [0x00000000a0000000, 0x00000000a9080000, 0x00000000e0000000)
  object space 147968K, 23% used [0x00000000a0000000,0x00000000a223c748,0x00000000a9080000)
 Metaspace       used 60826K, capacity 62470K, committed 62720K, reserved 1103872K
  class space    used 8271K, capacity 8674K, committed 8704K, reserved 1048576K
GC Heap History (10 events):
Event: 10.098 GC heap before
{Heap before GC invocations=12 (full 2):
 PSYoungGen      total 84480K, used 73728K [0x00000000e0000000, 0x00000000e7680000, 0x0000000100000000)
  eden space 73728K, 100% used [0x00000000e0000000,0x00000000e4800000,0x00000000e4800000)
  from space 10752K, 0% used [0x00000000e4800000,0x00000000e4800000,0x00000000e5280000)
  to   space 11264K, 0% used [0x00000000e6b80000,0x00000000e6b80000,0x00000000e7680000)
 ParOldGen       total 96256K, used 15151K [0x00000000a0000000, 0x00000000a5e00000, 0x00000000e0000000)
  object space 96256K, 15% used [0x00000000a0000000,0x00000000a0ecbfc8,0x00000000a5e00000)
 Metaspace       used 38825K, capacity 39596K, committed 39936K, reserved 1083392K
  class space    used 5306K, capacity 5556K, committed 5632K, reserved 1048576K
Event: 10.114 GC heap after
Heap after GC invocations=12 (full 2):
 PSYoungGen      total 102400K, used 7284K [0x00000000e0000000, 0x00000000e7300000, 0x0000000100000000)
  eden space 94720K, 0% used [0x00000000e0000000,0x00000000e0000000,0x00000000e5c80000)
  from space 7680K, 94% used [0x00000000e6b80000,0x00000000e729d100,0x00000000e7300000)
  to   space 10752K, 0% used [0x00000000e5e00000,0x00000000e5e00000,0x00000000e6880000)
 ParOldGen       total 96256K, used 15159K [0x00000000a0000000, 0x00000000a5e00000, 0x00000000e0000000)
  object space 96256K, 15% used [0x00000000a0000000,0x00000000a0ecdfc8,0x00000000a5e00000)
 Metaspace       used 38825K, capacity 39596K, committed 39936K, reserved 1083392K
  class space    used 5306K, capacity 5556K, committed 5632K, reserved 1048576K
}
Event: 12.352 GC heap before
{Heap before GC invocations=13 (full 2):
 PSYoungGen      total 102400K, used 102004K [0x00000000e0000000, 0x00000000e7300000, 0x0000000100000000)
  eden space 94720K, 100% used [0x00000000e0000000,0x00000000e5c80000,0x00000000e5c80000)
  from space 7680K, 94% used [0x00000000e6b80000,0x00000000e729d100,0x00000000e7300000)
  to   space 10752K, 0% used [0x00000000e5e00000,0x00000000e5e00000,0x00000000e6880000)
 ParOldGen       total 96256K, used 15159K [0x00000000a0000000, 0x00000000a5e00000, 0x00000000e0000000)
  object space 96256K, 15% used [0x00000000a0000000,0x00000000a0ecdfc8,0x00000000a5e00000)
 Metaspace       used 47710K, capacity 48618K, committed 49024K, reserved 1091584K
  class space    used 6436K, capacity 6740K, committed 6784K, reserved 1048576K
Event: 12.374 GC heap after
Heap after GC invocations=13 (full 2):
 PSYoungGen      total 107008K, used 10733K [0x00000000e0000000, 0x00000000e9000000, 0x0000000100000000)
  eden space 96256K, 0% used [0x00000000e0000000,0x00000000e0000000,0x00000000e5e00000)
  from space 10752K, 99% used [0x00000000e5e00000,0x00000000e687b448,0x00000000e6880000)
  to   space 13824K, 0% used [0x00000000e8280000,0x00000000e8280000,0x00000000e9000000)
 ParOldGen       total 96256K, used 20602K [0x00000000a0000000, 0x00000000a5e00000, 0x00000000e0000000)
  object space 96256K, 21% used [0x00000000a0000000,0x00000000a141eac0,0x00000000a5e00000)
 Metaspace       used 47710K, capacity 48618K, committed 49024K, reserved 1091584K
  class space    used 6436K, capacity 6740K, committed 6784K, reserved 1048576K
}
Event: 14.284 GC heap before
{Heap before GC invocations=14 (full 2):
 PSYoungGen      total 107008K, used 106989K [0x00000000e0000000, 0x00000000e9000000, 0x0000000100000000)
  eden space 96256K, 100% used [0x00000000e0000000,0x00000000e5e00000,0x00000000e5e00000)
  from space 10752K, 99% used [0x00000000e5e00000,0x00000000e687b448,0x00000000e6880000)
  to   space 13824K, 0% used [0x00000000e8280000,0x00000000e8280000,0x00000000e9000000)
 ParOldGen       total 96256K, used 20602K [0x00000000a0000000, 0x00000000a5e00000, 0x00000000e0000000)
  object space 96256K, 21% used [0x00000000a0000000,0x00000000a141eac0,0x00000000a5e00000)
 Metaspace       used 54097K, capacity 55734K, committed 55936K, reserved 1097728K
  class space    used 7393K, capacity 7808K, committed 7808K, reserved 1048576K
Event: 14.328 GC heap after
Heap after GC invocations=14 (full 2):
 PSYoungGen      total 130048K, used 13806K [0x00000000e0000000, 0x00000000e9b00000, 0x0000000100000000)
  eden space 116224K, 0% used [0x00000000e0000000,0x00000000e0000000,0x00000000e7180000)
  from space 13824K, 99% used [0x00000000e8280000,0x00000000e8ffbbe8,0x00000000e9000000)
  to   space 17408K, 0% used [0x00000000e7180000,0x00000000e7180000,0x00000000e8280000)
 ParOldGen       total 96256K, used 25804K [0x00000000a0000000, 0x00000000a5e00000, 0x00000000e0000000)
  object space 96256K, 26% used [0x00000000a0000000,0x00000000a1933100,0x00000000a5e00000)
 Metaspace       used 54097K, capacity 55734K, committed 55936K, reserved 1097728K
  class space    used 7393K, capacity 7808K, committed 7808K, reserved 1048576K
}
Event: 17.210 GC heap before
{Heap before GC invocations=15 (full 2):
 PSYoungGen      total 130048K, used 87139K [0x00000000e0000000, 0x00000000e9b00000, 0x0000000100000000)
  eden space 116224K, 63% used [0x00000000e0000000,0x00000000e479d188,0x00000000e7180000)
  from space 13824K, 99% used [0x00000000e8280000,0x00000000e8ffbbe8,0x00000000e9000000)
  to   space 17408K, 0% used [0x00000000e7180000,0x00000000e7180000,0x00000000e8280000)
 ParOldGen       total 96256K, used 25804K [0x00000000a0000000, 0x00000000a5e00000, 0x00000000e0000000)
  object space 96256K, 26% used [0x00000000a0000000,0x00000000a1933100,0x00000000a5e00000)
 Metaspace       used 57325K, capacity 58918K, committed 59008K, reserved 1099776K
  class space    used 7839K, capacity 8258K, committed 8320K, reserved 1048576K
Event: 17.235 GC heap after
Heap after GC invocations=15 (full 2):
 PSYoungGen      total 133632K, used 17398K [0x00000000e0000000, 0x00000000eb980000, 0x0000000100000000)
  eden space 116224K, 0% used [0x00000000e0000000,0x00000000e0000000,0x00000000e7180000)
  from space 17408K, 99% used [0x00000000e7180000,0x00000000e827dbf8,0x00000000e8280000)
  to   space 21504K, 0% used [0x00000000ea480000,0x00000000ea480000,0x00000000eb980000)
 ParOldGen       total 96256K, used 29825K [0x00000000a0000000, 0x00000000a5e00000, 0x00000000e0000000)
  object space 96256K, 30% used [0x00000000a0000000,0x00000000a1d205d0,0x00000000a5e00000)
 Metaspace       used 57325K, capacity 58918K, committed 59008K, reserved 1099776K
  class space    used 7839K, capacity 8258K, committed 8320K, reserved 1048576K
}
Event: 17.235 GC heap before
{Heap before GC invocations=16 (full 3):
 PSYoungGen      total 133632K, used 17398K [0x00000000e0000000, 0x00000000eb980000, 0x0000000100000000)
  eden space 116224K, 0% used [0x00000000e0000000,0x00000000e0000000,0x00000000e7180000)
  from space 17408K, 99% used [0x00000000e7180000,0x00000000e827dbf8,0x00000000e8280000)
  to   space 21504K, 0% used [0x00000000ea480000,0x00000000ea480000,0x00000000eb980000)
 ParOldGen       total 96256K, used 29825K [0x00000000a0000000, 0x00000000a5e00000, 0x00000000e0000000)
  object space 96256K, 30% used [0x00000000a0000000,0x00000000a1d205d0,0x00000000a5e00000)
 Metaspace       used 57325K, capacity 58918K, committed 59008K, reserved 1099776K
  class space    used 7839K, capacity 8258K, committed 8320K, reserved 1048576K
Event: 17.541 GC heap after
Heap after GC invocations=16 (full 3):
 PSYoungGen      total 133632K, used 0K [0x00000000e0000000, 0x00000000eb980000, 0x0000000100000000)
  eden space 116224K, 0% used [0x00000000e0000000,0x00000000e0000000,0x00000000e7180000)
  from space 17408K, 0% used [0x00000000e7180000,0x00000000e7180000,0x00000000e8280000)
  to   space 21504K, 0% used [0x00000000ea480000,0x00000000ea480000,0x00000000eb980000)
 ParOldGen       total 147968K, used 35057K [0x00000000a0000000, 0x00000000a9080000, 0x00000000e0000000)
  object space 147968K, 23% used [0x00000000a0000000,0x00000000a223c748,0x00000000a9080000)
 Metaspace       used 57325K, capacity 58918K, committed 59008K, reserved 1099776K
  class space    used 7839K, capacity 8258K, committed 8320K, reserved 1048576K
}

